[27 Agosto 0:8:50] ** CEPOL:  Dave Fuller entrou em serviço!**
[27 Agosto 16:40:26] ** COPOM:  Dave Fuller entrou em serviço!**
[27 Agosto 16:41:19] ** COPOM:  Dave Fuller saiu de serviço!**
[27 Agosto 16:41:21] ** COPOM:  Dave Fuller entrou em serviço!**
[27 Agosto 17:16:59] ** COPOM:  Dave Fuller saiu de serviço!**
[27 Agosto 17:17:2] ** COPOM:  Dave Fuller entrou em serviço!**
[27 Agosto 17:42:46] (( Dave Fuller: 123))
[27 Agosto 22:10:51] |__________EMERGENCIA POLICIAL__________|
[27 Agosto 22:10:51] |__________EMERGENCIA POLICIAL__________|
[27 Agosto 22:10:51] |__________EMERGENCIA EXÉRCITO__________|
[27 Agosto 22:10:51] Relator: Jusefino Contato: #729748
[27 Agosto 22:10:51] Relator: Jusefino Contato: #729748
[27 Agosto 22:10:51] Relator: Jusefino Contato: #729748
[27 Agosto 22:10:51] Local: Cu da sua mae
[27 Agosto 22:10:51] Local: Cu da sua mae
[27 Agosto 22:10:51] Local: Cu da sua mae
[27 Agosto 22:10:51] Situação: Ta pegando fogo
[27 Agosto 22:10:51] Situação: Ta pegando fogo
[27 Agosto 22:10:51] Situação: Ta pegando fogo
[27 Agosto 22:10:51] Rastreador: Glen Park
[27 Agosto 22:10:51] Rastreador: Glen Park
[27 Agosto 22:10:51] Rastreador: Glen Park
[27 Agosto 22:12:2] ** COPOM:  Dave Fuller saiu de serviço!**
[27 Agosto 22:12:5] ** COPOM:  Dave Fuller entrou em serviço!**
[27 Agosto 22:12:39] |__________EMERGENCIA POLICIAL__________|
[27 Agosto 22:12:39] |__________EMERGENCIA POLICIAL__________|
[27 Agosto 22:12:39] |__________EMERGENCIA EXÉRCITO__________|
[27 Agosto 22:12:39] Relator: Paulo Contato: #729748
[27 Agosto 22:12:39] Relator: Paulo Contato: #729748
[27 Agosto 22:12:39] Relator: Paulo Contato: #729748
[27 Agosto 22:12:39] Local: Jose
[27 Agosto 22:12:39] Local: Jose
[27 Agosto 22:12:39] Local: Jose
[27 Agosto 22:12:39] Situação: asdasdsda
[27 Agosto 22:12:39] Situação: asdasdsda
[27 Agosto 22:12:39] Situação: asdasdsda
[27 Agosto 22:12:39] Rastreador: Glen Park
[27 Agosto 22:12:39] Rastreador: Glen Park
[27 Agosto 22:12:39] Rastreador: Glen Park
[29 Agosto 20:43:40] ** COPOM:  Dave Fuller saiu de serviço!**
