[2 Agosto 13:59:56] *Administrador (Anderson): aaaa
[2 Agosto 14:5:44] AdmCmd: O administrador Rafael Teixeira setou R$1410065408 para Rafael Teixeira.
[2 Agosto 14:5:44] AdmCmd: O administrador Rafael Teixeira setou R$1410065408 para Rafael Teixeira.
[2 Agosto 14:12:5] AdmWarn: O ANTI-BUG detectou que Rafael Teixeira(1) pode estar caindo do céu, na entrada de um interior.
[2 Agosto 14:12:5] AdmWarn: O ANTI-BUG detectou que Rafael Teixeira(1) pode estar caindo do céu, na entrada de um interior.
[3 Agosto 11:38:14] AdmCmd: O Administrador Victor Razuck curou o Rafael Teixeira.
[3 Agosto 11:38:14] AdmCmd: O Administrador Victor Razuck curou o Rafael Teixeira.
[3 Agosto 11:38:23] *Administrador (Anderson): test
[3 Agosto 11:38:23] *Administrador (Anderson): test
[3 Agosto 11:42:13] AdmCmd: O Administrador Rafael Teixeira curou o Rafael Teixeira.
[3 Agosto 11:42:13] AdmCmd: O Administrador Rafael Teixeira curou o Rafael Teixeira.
[27 Agosto 0:9:38] AdmCmd: O Administrador Dudut curou o Dave Fuller.
[27 Agosto 8:57:7] AdmCmd: O administrador Dudut setou R$5000000 para Dave Fuller.
[27 Agosto 8:59:30] AdmCmd: O Administrador Dudut curou o Dave Fuller.
[27 Agosto 9:28:31] AdmWarn: O ANTI-BUG detectou que Dave Fuller(1) pode estar caindo do céu, na entrada de um interior.
[27 Agosto 9:28:42] AdmWarn: O ANTI-CHEAT detectou que Dave Fuller(1) pode estar de Speed Hack/AirBreak.
[27 Agosto 12:35:8] AdmWarn: O ANTI-CHEAT detectou que Dave Fuller(1) pode estar de Speed Hack/AirBreak.
[27 Agosto 12:35:23] AdmWarn: O ANTI-CHEAT detectou que Dave Fuller(1) pode estar de Speed Hack/AirBreak.
[27 Agosto 12:35:26] AdmCmd: O Administrador Dudut curou o Dave Fuller.
[27 Agosto 14:2:36] AdmWarn: O ANTI-CHEAT detectou que Dave Fuller(1) pode estar de Speed Hack/AirBreak.
[27 Agosto 14:2:42] AdmCmd: O Administrador Dudut curou o Dave Fuller.
[27 Agosto 16:12:55] AdmCmd: O Administrador Dudut curou o Dave Fuller.
[27 Agosto 17:21:26] AdmCmd: O Administrador Dudut curou o Dave Fuller.
[27 Agosto 19:9:50] AdmCmd: O Administrador Dudut curou o Dave Fuller.
[27 Agosto 20:2:3] AdmCmd: O Administrador Dudut curou o Dave Fuller.
[27 Agosto 20:8:45] AdmCmd: O Administrador Dudut curou o Dave Fuller.
[27 Agosto 20:17:0] AdmCmd: O Administrador Dudut curou o Dave Fuller.
[27 Agosto 21:59:31] AdmCmd: O Administrador Dudut curou o Dave Fuller.
[27 Agosto 22:11:26] AdmCmd: O Administrador Dudut curou o Dave Fuller.
[28 Agosto 10:36:49] AdmCmd: O Administrador Dudut curou o Dave Fuller.
[28 Agosto 12:46:22] AdmCmd: O Administrador Dudut consertou todos veículos do servidor.
[28 Agosto 12:49:46] AdmCmd: O Administrador Dudut curou o Dave Fuller.
[28 Agosto 12:51:57] AdmCmd: O Administrador Dudut consertou todos veículos do servidor.
[28 Agosto 12:55:34] AdmCmd: O Administrador Dudut curou o Dave Fuller.
[28 Agosto 13:14:28] AdmWarn: O ANTI-BUG detectou que Dave Fuller(1) pode estar caindo do céu, na entrada de um interior.
[28 Agosto 13:56:19] AdmCmd: O Administrador Dudut curou o Dave Fuller.
[28 Agosto 14:25:34] AdmCmd: O Administrador Dudut curou o Dave Fuller.
[28 Agosto 15:20:18] AdmWarn: O ANTI-BUG detectou que Dave Fuller(1) pode estar caindo do céu, na entrada de um interior.
[28 Agosto 15:23:23] AdmCmd: O Administrador Dudut curou o Dave Fuller.
[28 Agosto 15:46:28] AdmCmd: O Administrador Dudut curou o Dave Fuller.
[28 Agosto 17:20:16] AdmCmd: O Administrador Dudut consertou todos veículos do servidor.
[28 Agosto 17:24:19] AdmCmd: O Administrador Dudut curou o Dave Fuller.
[28 Agosto 17:53:10] AdmWarn: O ANTI-BUG detectou que Dave Fuller(1) pode estar caindo do céu, na entrada de um interior.
[29 Agosto 16:36:30] AdmCmd: O Administrador Dudut curou o Dave Fuller.
[29 Agosto 18:46:23] AdmCmd: O Administrador Dudut curou o Dave Fuller.
[29 Agosto 20:43:23] AdmCmd: O Administrador Dudut curou o Dave Fuller.
